<?xml version="1.0" encoding="UTF-8"?>
<!-- Generated by org.testng.reporters.JUnitXMLReporter -->
<testsuite hostname="DESKTOP-08J39R4" ignored="0" name="Default test" tests="4" failures="0" timestamp="27 Jun 2018 15:25:46 GMT" time="19.329" errors="0">
  <testcase name="verifyTitle" time="0.11" classname="mockarooAutomation.MockarooAutomationProject"/>
  <testcase name="generateData" time="0.942" classname="mockarooAutomation.MockarooAutomationProject"/>
  <testcase name="createRows" time="8.236" classname="mockarooAutomation.MockarooAutomationProject"/>
  <testcase name="readFile" time="1.23" classname="mockarooAutomation.MockarooAutomationProject"/>
</testsuite> <!-- Default test -->
