<?xml version="1.0" encoding="UTF-8"?>
<testng-results skipped="0" failed="0" ignored="0" total="4" passed="4">
  <reporter-output>
  </reporter-output>
  <suite name="Default suite" duration-ms="19329" started-at="2018-06-27T15:25:27Z" finished-at="2018-06-27T15:25:46Z">
    <groups>
    </groups>
    <test name="Default test" duration-ms="19329" started-at="2018-06-27T15:25:27Z" finished-at="2018-06-27T15:25:46Z">
      <class name="mockarooAutomation.MockarooAutomationProject">
        <test-method status="PASS" signature="setUp()[pri:0, instance:mockarooAutomation.MockarooAutomationProject@6a41eaa2]" name="setUp" is-config="true" duration-ms="6666" started-at="2018-06-27T15:25:27Z" finished-at="2018-06-27T15:25:34Z">
          <reporter-output>
          </reporter-output>
        </test-method> <!-- setUp -->
        <test-method status="PASS" signature="verifyTitle()[pri:1, instance:mockarooAutomation.MockarooAutomationProject@6a41eaa2]" name="verifyTitle" duration-ms="110" started-at="2018-06-27T15:25:34Z" finished-at="2018-06-27T15:25:34Z">
          <reporter-output>
          </reporter-output>
        </test-method> <!-- verifyTitle -->
        <test-method status="PASS" signature="generateData()[pri:2, instance:mockarooAutomation.MockarooAutomationProject@6a41eaa2]" name="generateData" duration-ms="942" started-at="2018-06-27T15:25:34Z" finished-at="2018-06-27T15:25:35Z">
          <reporter-output>
          </reporter-output>
        </test-method> <!-- generateData -->
        <test-method status="PASS" signature="createRows()[pri:3, instance:mockarooAutomation.MockarooAutomationProject@6a41eaa2]" name="createRows" duration-ms="8236" started-at="2018-06-27T15:25:35Z" finished-at="2018-06-27T15:25:43Z">
          <reporter-output>
          </reporter-output>
        </test-method> <!-- createRows -->
        <test-method status="PASS" signature="readFile()[pri:5, instance:mockarooAutomation.MockarooAutomationProject@6a41eaa2]" name="readFile" duration-ms="1230" started-at="2018-06-27T15:25:43Z" finished-at="2018-06-27T15:25:44Z">
          <reporter-output>
          </reporter-output>
        </test-method> <!-- readFile -->
        <test-method status="PASS" signature="cleanUp()[pri:0, instance:mockarooAutomation.MockarooAutomationProject@6a41eaa2]" name="cleanUp" is-config="true" duration-ms="2117" started-at="2018-06-27T15:25:44Z" finished-at="2018-06-27T15:25:46Z">
          <reporter-output>
          </reporter-output>
        </test-method> <!-- cleanUp -->
      </class> <!-- mockarooAutomation.MockarooAutomationProject -->
    </test> <!-- Default test -->
  </suite> <!-- Default suite -->
</testng-results>
